#
# There is insufficient memory for the Java Runtime Environment to continue.
# Native memory allocation (mmap) failed to map 264241152 bytes for Failed to commit area from 0x0000000704e00000 to 0x0000000714a00000 of length 264241152.
# Possible reasons:
#   The system is out of physical RAM or swap space
#   The process is running with CompressedOops enabled, and the Java Heap may be blocking the growth of the native heap
# Possible solutions:
#   Reduce memory load on the system
#   Increase physical memory or swap space
#   Check if swap backing store is full
#   Decrease Java heap size (-Xmx/-Xms)
#   Decrease number of Java threads
#   Decrease Java thread stack sizes (-Xss)
#   Set larger code cache with -XX:ReservedCodeCacheSize=
# This output file may be truncated or incomplete.
#
#  Out of Memory Error (./open/src/hotspot/os/windows/os_windows.cpp:3287), pid=16980, tid=22712
#
# JRE version:  (11.0.16+11) (build )
# Java VM: Java HotSpot(TM) 64-Bit Server VM (11.0.16+11-LTS-199, mixed mode, sharing, tiered, compressed oops, g1 gc, windows-amd64)
# No core dump will be written. Minidumps are not enabled by default on client versions of Windows
#

---------------  S U M M A R Y ------------

Command Line: 

Host: 11th Gen Intel(R) Core(TM) i5-1135G7 @ 2.40GHz, 8 cores, 15G,  Windows 10 , 64 bit Build 19041 (10.0.19041.2251)
Time: Tue Feb 21 06:22:58 2023 Pacific Standard Time elapsed time: 0.017790 seconds (0d 0h 0m 0s)

---------------  T H R E A D  ---------------

Current thread (0x0000015ed6e6f000):  JavaThread "Unknown thread" [_thread_in_vm, id=22712, stack(0x0000005d0c600000,0x0000005d0c700000)]

Stack: [0x0000005d0c600000,0x0000005d0c700000]
Native frames: (J=compiled Java code, j=interpreted, Vv=VM code, C=native code)
V  [jvm.dll+0x62a3ea]
V  [jvm.dll+0x76418f]
V  [jvm.dll+0x765839]
V  [jvm.dll+0x765ec3]
V  [jvm.dll+0x23da98]
V  [jvm.dll+0x62770a]
V  [jvm.dll+0x61c475]
V  [jvm.dll+0x2f2aac]
V  [jvm.dll+0x2f2932]
V  [jvm.dll+0x2f7656]
V  [jvm.dll+0x33a1cf]
V  [jvm.dll+0x339c00]
V  [jvm.dll+0x2d00c8]
V  [jvm.dll+0x2d1236]
V  [jvm.dll+0x73e757]
V  [jvm.dll+0x73ffef]
V  [jvm.dll+0x346ef9]
V  [jvm.dll+0x723f90]
V  [jvm.dll+0x3b5adf]
V  [jvm.dll+0x3b7bf1]
C  [jli.dll+0x5207]
C  [ucrtbase.dll+0x21bb2]
C  [KERNEL32.DLL+0x174b4]
C  [ntdll.dll+0x526a1]


---------------  P R O C E S S  ---------------

Threads class SMR info:
_java_thread_list=0x0000015ed4da9210, length=0, elements={
}

Java Threads: ( => current thread )

Other Threads:
  0x0000015ed6e83000 GCTaskThread "GC Thread#0" [stack: 0x0000005d0c700000,0x0000005d0c800000] [id=15444]
  0x0000015ed6ede800 ConcurrentGCThread "G1 Main Marker" [stack: 0x0000005d0c800000,0x0000005d0c900000] [id=21252]
  0x0000015ed6edf800 ConcurrentGCThread "G1 Conc#0" [stack: 0x0000005d0c900000,0x0000005d0ca00000] [id=25740]

[error occurred during error reporting (printing all threads), id 0xc0000005, EXCEPTION_ACCESS_VIOLATION (0xc0000005) at pc=0x00007ffa4ac8f357]

VM state:not at safepoint (not fully initialized)

VM Mutex/Monitor currently owned by a thread:  ([mutex/lock_event])
[0x0000015ed6e6b380] Heap_lock - owner thread: 0x0000015ed6e6f000

Heap address: 0x0000000704e00000, size: 4018 MB, Compressed Oops mode: Non-zero based: 0x0000000704e00000
Narrow klass base: 0x0000000000000000, Narrow klass shift: 0

GC Heap History (0 events):
No events

Deoptimization events (0 events):
No events

Classes redefined (0 events):
No events

Internal exceptions (0 events):
No events

Events (0 events):
No events


Dynamic libraries:
0x00007ff7dc7c0000 - 0x00007ff7dc7cf000 	C:\Program Files\Java\jdk-11.0.16\bin\java.exe
0x00007ffaee130000 - 0x00007ffaee328000 	C:\Windows\SYSTEM32\ntdll.dll
0x00007ffaec2e0000 - 0x00007ffaec39f000 	C:\Windows\System32\KERNEL32.DLL
0x00007ffaebdc0000 - 0x00007ffaec092000 	C:\Windows\System32\KERNELBASE.dll
0x00007ffaeb910000 - 0x00007ffaeba10000 	C:\Windows\System32\ucrtbase.dll
0x00007ffad22c0000 - 0x00007ffad22d8000 	C:\Program Files\Java\jdk-11.0.16\bin\jli.dll
0x00007ffaecd00000 - 0x00007ffaecdae000 	C:\Windows\System32\ADVAPI32.dll
0x00007ffae0740000 - 0x00007ffae0755000 	C:\Program Files\Java\jdk-11.0.16\bin\VCRUNTIME140.dll
0x00007ffaedcd0000 - 0x00007ffaedd6e000 	C:\Windows\System32\msvcrt.dll
0x00007ffaecc60000 - 0x00007ffaeccfc000 	C:\Windows\System32\sechost.dll
0x00007ffaedab0000 - 0x00007ffaedbd5000 	C:\Windows\System32\RPCRT4.dll
0x00007ffaec3d0000 - 0x00007ffaec56d000 	C:\Windows\System32\USER32.dll
0x00007ffaec0a0000 - 0x00007ffaec0c2000 	C:\Windows\System32\win32u.dll
0x00007ffaec3a0000 - 0x00007ffaec3cb000 	C:\Windows\System32\GDI32.dll
0x00007ffaebb20000 - 0x00007ffaebc2f000 	C:\Windows\System32\gdi32full.dll
0x00007ffaeba80000 - 0x00007ffaebb1d000 	C:\Windows\System32\msvcp_win.dll
0x00007ffad7600000 - 0x00007ffad789a000 	C:\Windows\WinSxS\amd64_microsoft.windows.common-controls_6595b64144ccf1df_6.0.19041.1110_none_60b5254171f9507e\COMCTL32.dll
0x00007ffae3580000 - 0x00007ffae358a000 	C:\Windows\SYSTEM32\VERSION.dll
0x00007ffaec5f0000 - 0x00007ffaec622000 	C:\Windows\System32\IMM32.DLL
0x00007ffab65a0000 - 0x00007ffab663b000 	C:\Program Files\Java\jdk-11.0.16\bin\msvcp140.dll
0x00007ffa4a9b0000 - 0x00007ffa4b4c8000 	C:\Program Files\Java\jdk-11.0.16\bin\server\jvm.dll
0x00007ffaecac0000 - 0x00007ffaecac8000 	C:\Windows\System32\PSAPI.DLL
0x00007ffa64ef0000 - 0x00007ffa64ef9000 	C:\Windows\SYSTEM32\WSOCK32.dll
0x00007ffaecbf0000 - 0x00007ffaecc5b000 	C:\Windows\System32\WS2_32.dll
0x00007ffad65e0000 - 0x00007ffad6607000 	C:\Windows\SYSTEM32\WINMM.dll
0x00007ffae9690000 - 0x00007ffae96a2000 	C:\Windows\SYSTEM32\kernel.appcore.dll
0x00007ffaccf70000 - 0x00007ffaccf80000 	C:\Program Files\Java\jdk-11.0.16\bin\verify.dll
0x00007ffadea50000 - 0x00007ffadec34000 	C:\Windows\SYSTEM32\DBGHELP.DLL
0x00007ffacfde0000 - 0x00007ffacfe0c000 	C:\Windows\SYSTEM32\dbgcore.DLL
0x00007ffaeb880000 - 0x00007ffaeb902000 	C:\Windows\System32\bcryptPrimitives.dll
0x00007ffaccf40000 - 0x00007ffaccf68000 	C:\Program Files\Java\jdk-11.0.16\bin\java.dll
0x00007ffaccf30000 - 0x00007ffaccf3a000 	C:\Program Files\Java\jdk-11.0.16\bin\jimage.dll
0x00007ffac9990000 - 0x00007ffac99a6000 	C:\Program Files\Java\jdk-11.0.16\bin\zip.dll

dbghelp: loaded successfully - version: 4.0.5 - missing functions: none
symbol engine: initialized successfully - sym options: 0x614 - pdb path: .;C:\Program Files\Java\jdk-11.0.16\bin;C:\Windows\SYSTEM32;C:\Windows\WinSxS\amd64_microsoft.windows.common-controls_6595b64144ccf1df_6.0.19041.1110_none_60b5254171f9507e;C:\Program Files\Java\jdk-11.0.16\bin\server

VM Arguments:
java_command: <unknown>
java_class_path (initial): <not set>
Launcher Type: SUN_STANDARD

[Global flags]
     intx CICompilerCount                          = 4                                         {product} {ergonomic}
     uint ConcGCThreads                            = 2                                         {product} {ergonomic}
     uint G1ConcRefinementThreads                  = 8                                         {product} {ergonomic}
   size_t G1HeapRegionSize                         = 1048576                                   {product} {ergonomic}
    uintx GCDrainStackTargetSize                   = 64                                        {product} {ergonomic}
   size_t InitialHeapSize                          = 264241152                                 {product} {ergonomic}
   size_t MarkStackSize                            = 4194304                                   {product} {ergonomic}
   size_t MaxHeapSize                              = 4213178368                                {product} {ergonomic}
   size_t MinHeapDeltaBytes                        = 1048576                                   {product} {ergonomic}
    uintx NonNMethodCodeHeapSize                   = 5836300                                {pd product} {ergonomic}
    uintx NonProfiledCodeHeapSize                  = 122910970                              {pd product} {ergonomic}
    uintx ProfiledCodeHeapSize                     = 122910970                              {pd product} {ergonomic}
    uintx ReservedCodeCacheSize                    = 251658240                              {pd product} {ergonomic}
     bool SegmentedCodeCache                       = true                                      {product} {ergonomic}
     bool UseCompressedClassPointers               = true                                 {lp64_product} {ergonomic}
     bool UseCompressedOops                        = true                                 {lp64_product} {ergonomic}
     bool UseG1GC                                  = true                                      {product} {ergonomic}
     bool UseLargePagesIndividualAllocation        = false                                  {pd product} {ergonomic}

Logging:
Log output configuration:
 #0: stdout all=warning uptime,level,tags
 #1: stderr all=off uptime,level,tags

Environment Variables:
PATH=E:\ReactNative\Podcast\android\node_modules\.bin;E:\ReactNative\Podcast\node_modules\.bin;E:\ReactNative\node_modules\.bin;E:\node_modules\.bin;C:\Program Files\nodejs;E:\ReactNative\Podcast\node_modules\.bin;E:\ReactNative\node_modules\.bin;E:\node_modules\.bin;C:\Users\Administrator\AppData\Roaming\nvm\v16.17.1\node_modules\npm\node_modules\@npmcli\run-script\lib\node-gyp-bin;C:\Program Files\Common Files\Oracle\Java\javapath1;C:\Windows\system32;C:\Windows;C:\Windows\System32\Wbem;C:\Windows\System32\WindowsPowerShell\v1.0\;C:\Windows\System32\OpenSSH\;C:\Program Files\Git\cmd;C:\Program Files\TortoiseGit\bin;C:\Program Files\PuTTY\;E:\xampp802\php;C:\ProgramData\ComposerSetup\bin;C:\Program Files\Docker\Docker\resources\bin;%NVM_HOME%;%NVM_SYMLINK%;C:\Users\Administrator\AppData\Local\Microsoft\WindowsApps;C:\Users\Administrator\AppData\Roaming\npm;C:\Users\Administrator\AppData\Local\Programs\Microsoft VS Code\bin;"C:\Users\Administrator\AppData\Local\Android\Sdk\tools;C:\Users\Administrator\AppData\Local\Android\Sdk\platform-tools;";E:\Mern\video-live-streaming\ffmpeg\bin;C:\Program Files\Java\jdk-11.0.16\bin;C:\Users\Administrator\AppData\Local\Android\Sdk\platform-tools;C:\Program Files\heroku\bin;C:\Users\Administrator\AppData\Roaming\Composer\vendor\bin;C:\Users\Administrator\AppData\Roaming\nvm;C:\Program Files\nodejs;E:\ReactNative\Podcast\node_modules\.bin
USERNAME=Administrator
OS=Windows_NT
PROCESSOR_IDENTIFIER=Intel64 Family 6 Model 140 Stepping 1, GenuineIntel



---------------  S Y S T E M  ---------------

OS: Windows 10 , 64 bit Build 19041 (10.0.19041.2251)
Hyper-V role detected

CPU:total 8 (initial active 8) (4 cores per cpu, 2 threads per core) family 6 model 140 stepping 1 microcode 0x86, cmov, cx8, fxsr, mmx, sse, sse2, sse3, ssse3, sse4.1, sse4.2, popcnt, avx, avx2, aes, clmul, erms, 3dnowpref, lzcnt, ht, tsc, tscinvbit, bmi1, bmi2, adx, evex, sha, fma

Memory: 4k page, system-wide physical 16065M (953M free)
TotalPageFile size 35266M (AvailPageFile size 231M)
current process WorkingSet (physical memory assigned to process): 10M, peak: 10M
current process commit charge ("private bytes"): 60M, peak: 312M

vm_info: Java HotSpot(TM) 64-Bit Server VM (11.0.16+11-LTS-199) for windows-amd64 JRE (11.0.16+11-LTS-199), built on Jun 28 2022 08:23:17 by "mach5one" with MS VC++ 15.9 (VS2017)

END.
